<dec f='webkit/Source/ThirdParty/libwebrtc/Source/third_party/usrsctp/usrsctplib/usrsctplib/netinet/sctp_structs.h' l='612' type='union (anonymous union at /Volumes/ExternalSSD/Projects/webkit/WebKit/Source/ThirdParty/libwebrtc/Source/third_party/usrsctp/usrsctplib/usrsctplib/netinet/sctp_structs.h:609:2)'/>
<offset>128</offset>
<use f='webkit/Source/ThirdParty/libwebrtc/Source/third_party/usrsctp/usrsctplib/usrsctplib/netinet/sctp_ss_functions.c' l='67' u='m' c='sctp_ss_default_init'/>
<use f='webkit/Source/ThirdParty/libwebrtc/Source/third_party/usrsctp/usrsctplib/usrsctplib/netinet/sctp_ss_functions.c' l='67' u='m' c='sctp_ss_default_init'/>
<use f='webkit/Source/ThirdParty/libwebrtc/Source/third_party/usrsctp/usrsctplib/usrsctplib/netinet/sctp_ss_functions.c' l='67' u='m' c='sctp_ss_default_init'/>
<use f='webkit/Source/ThirdParty/libwebrtc/Source/third_party/usrsctp/usrsctplib/usrsctplib/netinet/sctp_ss_functions.c' l='92' u='m' c='sctp_ss_default_clear'/>
<use f='webkit/Source/ThirdParty/libwebrtc/Source/third_party/usrsctp/usrsctplib/usrsctplib/netinet/sctp_ss_functions.c' l='95' u='m' c='sctp_ss_default_clear'/>
<use f='webkit/Source/ThirdParty/libwebrtc/Source/third_party/usrsctp/usrsctplib/usrsctplib/netinet/sctp_ss_functions.c' l='96' u='m' c='sctp_ss_default_clear'/>
<use f='webkit/Source/ThirdParty/libwebrtc/Source/third_party/usrsctp/usrsctplib/usrsctplib/netinet/sctp_ss_functions.c' l='135' u='m' c='sctp_ss_default_add'/>
<use f='webkit/Source/ThirdParty/libwebrtc/Source/third_party/usrsctp/usrsctplib/usrsctplib/netinet/sctp_ss_functions.c' l='135' u='m' c='sctp_ss_default_add'/>
<use f='webkit/Source/ThirdParty/libwebrtc/Source/third_party/usrsctp/usrsctplib/usrsctplib/netinet/sctp_ss_functions.c' l='135' u='m' c='sctp_ss_default_add'/>
<use f='webkit/Source/ThirdParty/libwebrtc/Source/third_party/usrsctp/usrsctplib/usrsctplib/netinet/sctp_ss_functions.c' l='147' u='m' c='sctp_ss_default_is_empty'/>
<use f='webkit/Source/ThirdParty/libwebrtc/Source/third_party/usrsctp/usrsctplib/usrsctplib/netinet/sctp_ss_functions.c' l='171' u='m' c='sctp_ss_default_remove'/>
<use f='webkit/Source/ThirdParty/libwebrtc/Source/third_party/usrsctp/usrsctplib/usrsctplib/netinet/sctp_ss_functions.c' l='178' u='m' c='sctp_ss_default_remove'/>
<use f='webkit/Source/ThirdParty/libwebrtc/Source/third_party/usrsctp/usrsctplib/usrsctplib/netinet/sctp_ss_functions.c' l='201' u='m' c='sctp_ss_default_select'/>
<use f='webkit/Source/ThirdParty/libwebrtc/Source/third_party/usrsctp/usrsctplib/usrsctplib/netinet/sctp_ss_functions.c' l='205' u='m' c='sctp_ss_default_select'/>
<use f='webkit/Source/ThirdParty/libwebrtc/Source/third_party/usrsctp/usrsctplib/usrsctplib/netinet/sctp_ss_functions.c' l='320' u='m' c='sctp_ss_rr_add'/>
<use f='webkit/Source/ThirdParty/libwebrtc/Source/third_party/usrsctp/usrsctplib/usrsctplib/netinet/sctp_ss_functions.c' l='321' u='m' c='sctp_ss_rr_add'/>
<use f='webkit/Source/ThirdParty/libwebrtc/Source/third_party/usrsctp/usrsctplib/usrsctplib/netinet/sctp_ss_functions.c' l='321' u='m' c='sctp_ss_rr_add'/>
<use f='webkit/Source/ThirdParty/libwebrtc/Source/third_party/usrsctp/usrsctplib/usrsctplib/netinet/sctp_ss_functions.c' l='321' u='m' c='sctp_ss_rr_add'/>
<use f='webkit/Source/ThirdParty/libwebrtc/Source/third_party/usrsctp/usrsctplib/usrsctplib/netinet/sctp_ss_functions.c' l='321' u='m' c='sctp_ss_rr_add'/>
<use f='webkit/Source/ThirdParty/libwebrtc/Source/third_party/usrsctp/usrsctplib/usrsctplib/netinet/sctp_ss_functions.c' l='321' u='m' c='sctp_ss_rr_add'/>
<use f='webkit/Source/ThirdParty/libwebrtc/Source/third_party/usrsctp/usrsctplib/usrsctplib/netinet/sctp_ss_functions.c' l='323' u='m' c='sctp_ss_rr_add'/>
<use f='webkit/Source/ThirdParty/libwebrtc/Source/third_party/usrsctp/usrsctplib/usrsctplib/netinet/sctp_ss_functions.c' l='330' u='m' c='sctp_ss_rr_add'/>
<use f='webkit/Source/ThirdParty/libwebrtc/Source/third_party/usrsctp/usrsctplib/usrsctplib/netinet/sctp_ss_functions.c' l='330' u='m' c='sctp_ss_rr_add'/>
<use f='webkit/Source/ThirdParty/libwebrtc/Source/third_party/usrsctp/usrsctplib/usrsctplib/netinet/sctp_ss_functions.c' l='330' u='m' c='sctp_ss_rr_add'/>
<use f='webkit/Source/ThirdParty/libwebrtc/Source/third_party/usrsctp/usrsctplib/usrsctplib/netinet/sctp_ss_functions.c' l='362' u='m' c='sctp_ss_rrp_packet_done'/>
<use f='webkit/Source/ThirdParty/libwebrtc/Source/third_party/usrsctp/usrsctplib/usrsctplib/netinet/sctp_ss_functions.c' l='366' u='m' c='sctp_ss_rrp_packet_done'/>
<use f='webkit/Source/ThirdParty/libwebrtc/Source/third_party/usrsctp/usrsctplib/usrsctplib/netinet/sctp_ss_functions.c' l='409' u='m' c='sctp_ss_prio_clear'/>
<use f='webkit/Source/ThirdParty/libwebrtc/Source/third_party/usrsctp/usrsctplib/usrsctplib/netinet/sctp_ss_functions.c' l='412' u='m' c='sctp_ss_prio_clear'/>
<use f='webkit/Source/ThirdParty/libwebrtc/Source/third_party/usrsctp/usrsctplib/usrsctplib/netinet/sctp_ss_functions.c' l='416' u='m' c='sctp_ss_prio_clear'/>
<use f='webkit/Source/ThirdParty/libwebrtc/Source/third_party/usrsctp/usrsctplib/usrsctplib/netinet/sctp_ss_functions.c' l='462' u='m' c='sctp_ss_prio_add'/>
<use f='webkit/Source/ThirdParty/libwebrtc/Source/third_party/usrsctp/usrsctplib/usrsctplib/netinet/sctp_ss_functions.c' l='463' u='m' c='sctp_ss_prio_add'/>
<use f='webkit/Source/ThirdParty/libwebrtc/Source/third_party/usrsctp/usrsctplib/usrsctplib/netinet/sctp_ss_functions.c' l='463' u='m' c='sctp_ss_prio_add'/>
<use f='webkit/Source/ThirdParty/libwebrtc/Source/third_party/usrsctp/usrsctplib/usrsctplib/netinet/sctp_ss_functions.c' l='463' u='m' c='sctp_ss_prio_add'/>
<use f='webkit/Source/ThirdParty/libwebrtc/Source/third_party/usrsctp/usrsctplib/usrsctplib/netinet/sctp_ss_functions.c' l='463' u='m' c='sctp_ss_prio_add'/>
<use f='webkit/Source/ThirdParty/libwebrtc/Source/third_party/usrsctp/usrsctplib/usrsctplib/netinet/sctp_ss_functions.c' l='463' u='m' c='sctp_ss_prio_add'/>
<use f='webkit/Source/ThirdParty/libwebrtc/Source/third_party/usrsctp/usrsctplib/usrsctplib/netinet/sctp_ss_functions.c' l='465' u='m' c='sctp_ss_prio_add'/>
<use f='webkit/Source/ThirdParty/libwebrtc/Source/third_party/usrsctp/usrsctplib/usrsctplib/netinet/sctp_ss_functions.c' l='472' u='m' c='sctp_ss_prio_add'/>
<use f='webkit/Source/ThirdParty/libwebrtc/Source/third_party/usrsctp/usrsctplib/usrsctplib/netinet/sctp_ss_functions.c' l='472' u='m' c='sctp_ss_prio_add'/>
<use f='webkit/Source/ThirdParty/libwebrtc/Source/third_party/usrsctp/usrsctplib/usrsctplib/netinet/sctp_ss_functions.c' l='472' u='m' c='sctp_ss_prio_add'/>
<use f='webkit/Source/ThirdParty/libwebrtc/Source/third_party/usrsctp/usrsctplib/usrsctplib/netinet/sctp_ss_functions.c' l='498' u='m' c='sctp_ss_prio_remove'/>
<use f='webkit/Source/ThirdParty/libwebrtc/Source/third_party/usrsctp/usrsctplib/usrsctplib/netinet/sctp_ss_functions.c' l='505' u='m' c='sctp_ss_prio_remove'/>
<use f='webkit/Source/ThirdParty/libwebrtc/Source/third_party/usrsctp/usrsctplib/usrsctplib/netinet/sctp_ss_functions.c' l='528' u='m' c='sctp_ss_prio_select'/>
<use f='webkit/Source/ThirdParty/libwebrtc/Source/third_party/usrsctp/usrsctplib/usrsctplib/netinet/sctp_ss_functions.c' l='535' u='m' c='sctp_ss_prio_select'/>
<use f='webkit/Source/ThirdParty/libwebrtc/Source/third_party/usrsctp/usrsctplib/usrsctplib/netinet/sctp_ss_functions.c' l='601' u='m' c='sctp_ss_fb_clear'/>
<use f='webkit/Source/ThirdParty/libwebrtc/Source/third_party/usrsctp/usrsctplib/usrsctplib/netinet/sctp_ss_functions.c' l='604' u='m' c='sctp_ss_fb_clear'/>
<use f='webkit/Source/ThirdParty/libwebrtc/Source/third_party/usrsctp/usrsctplib/usrsctplib/netinet/sctp_ss_functions.c' l='608' u='m' c='sctp_ss_fb_clear'/>
<use f='webkit/Source/ThirdParty/libwebrtc/Source/third_party/usrsctp/usrsctplib/usrsctplib/netinet/sctp_ss_functions.c' l='653' u='m' c='sctp_ss_fb_add'/>
<use f='webkit/Source/ThirdParty/libwebrtc/Source/third_party/usrsctp/usrsctplib/usrsctplib/netinet/sctp_ss_functions.c' l='653' u='m' c='sctp_ss_fb_add'/>
<use f='webkit/Source/ThirdParty/libwebrtc/Source/third_party/usrsctp/usrsctplib/usrsctplib/netinet/sctp_ss_functions.c' l='653' u='m' c='sctp_ss_fb_add'/>
<use f='webkit/Source/ThirdParty/libwebrtc/Source/third_party/usrsctp/usrsctplib/usrsctplib/netinet/sctp_ss_functions.c' l='677' u='m' c='sctp_ss_fb_remove'/>
<use f='webkit/Source/ThirdParty/libwebrtc/Source/third_party/usrsctp/usrsctplib/usrsctplib/netinet/sctp_ss_functions.c' l='684' u='m' c='sctp_ss_fb_remove'/>
<use f='webkit/Source/ThirdParty/libwebrtc/Source/third_party/usrsctp/usrsctplib/usrsctplib/netinet/sctp_ss_functions.c' l='704' u='m' c='sctp_ss_fb_select'/>
<use f='webkit/Source/ThirdParty/libwebrtc/Source/third_party/usrsctp/usrsctplib/usrsctplib/netinet/sctp_ss_functions.c' l='704' u='m' c='sctp_ss_fb_select'/>
<use f='webkit/Source/ThirdParty/libwebrtc/Source/third_party/usrsctp/usrsctplib/usrsctplib/netinet/sctp_ss_functions.c' l='705' u='m' c='sctp_ss_fb_select'/>
<use f='webkit/Source/ThirdParty/libwebrtc/Source/third_party/usrsctp/usrsctplib/usrsctplib/netinet/sctp_ss_functions.c' l='724' u='m' c='sctp_ss_fb_select'/>
<use f='webkit/Source/ThirdParty/libwebrtc/Source/third_party/usrsctp/usrsctplib/usrsctplib/netinet/sctp_ss_functions.c' l='750' u='m' c='sctp_ss_fb_scheduled'/>
<use f='webkit/Source/ThirdParty/libwebrtc/Source/third_party/usrsctp/usrsctplib/usrsctplib/netinet/sctp_ss_functions.c' l='784' u='m' c='sctp_ss_fcfs_init'/>
<use f='webkit/Source/ThirdParty/libwebrtc/Source/third_party/usrsctp/usrsctplib/usrsctplib/netinet/sctp_ss_functions.c' l='784' u='m' c='sctp_ss_fcfs_init'/>
<use f='webkit/Source/ThirdParty/libwebrtc/Source/third_party/usrsctp/usrsctplib/usrsctplib/netinet/sctp_ss_functions.c' l='784' u='m' c='sctp_ss_fcfs_init'/>
<use f='webkit/Source/ThirdParty/libwebrtc/Source/third_party/usrsctp/usrsctplib/usrsctplib/netinet/sctp_ss_functions.c' l='825' u='m' c='sctp_ss_fcfs_clear'/>
<use f='webkit/Source/ThirdParty/libwebrtc/Source/third_party/usrsctp/usrsctplib/usrsctplib/netinet/sctp_ss_functions.c' l='826' u='m' c='sctp_ss_fcfs_clear'/>
<use f='webkit/Source/ThirdParty/libwebrtc/Source/third_party/usrsctp/usrsctplib/usrsctplib/netinet/sctp_ss_functions.c' l='827' u='m' c='sctp_ss_fcfs_clear'/>
<use f='webkit/Source/ThirdParty/libwebrtc/Source/third_party/usrsctp/usrsctplib/usrsctplib/netinet/sctp_ss_functions.c' l='864' u='m' c='sctp_ss_fcfs_add'/>
<use f='webkit/Source/ThirdParty/libwebrtc/Source/third_party/usrsctp/usrsctplib/usrsctplib/netinet/sctp_ss_functions.c' l='864' u='m' c='sctp_ss_fcfs_add'/>
<use f='webkit/Source/ThirdParty/libwebrtc/Source/third_party/usrsctp/usrsctplib/usrsctplib/netinet/sctp_ss_functions.c' l='864' u='m' c='sctp_ss_fcfs_add'/>
<use f='webkit/Source/ThirdParty/libwebrtc/Source/third_party/usrsctp/usrsctplib/usrsctplib/netinet/sctp_ss_functions.c' l='875' u='m' c='sctp_ss_fcfs_is_empty'/>
<use f='webkit/Source/ThirdParty/libwebrtc/Source/third_party/usrsctp/usrsctplib/usrsctplib/netinet/sctp_ss_functions.c' l='893' u='m' c='sctp_ss_fcfs_remove'/>
<use f='webkit/Source/ThirdParty/libwebrtc/Source/third_party/usrsctp/usrsctplib/usrsctplib/netinet/sctp_ss_functions.c' l='913' u='m' c='sctp_ss_fcfs_select'/>
