<dec f='webkit/Source/ThirdParty/libwebrtc/Source/third_party/libvpx/source/libvpx/vpx/vpx_codec.h' l='203' type='vpx_codec_err_t'/>
<offset>128</offset>
<doc f='webkit/Source/ThirdParty/libwebrtc/Source/third_party/libvpx/source/libvpx/vpx/vpx_codec.h' l='203'>/**&lt; Last returned error */</doc>
<use f='webkit/Source/ThirdParty/libwebrtc/Source/third_party/libvpx/source/libvpx/vpx/src/vpx_codec.c' l='54' u='r' c='vpx_codec_error'/>
<use f='webkit/Source/ThirdParty/libwebrtc/Source/third_party/libvpx/source/libvpx/vpx/src/vpx_codec.c' l='59' u='r' c='vpx_codec_error_detail'/>
<use f='webkit/Source/ThirdParty/libwebrtc/Source/third_party/libvpx/source/libvpx/vpx/src/vpx_codec.c' l='21' u='w' c='vpx_codec_destroy'/>
<use f='webkit/Source/ThirdParty/libwebrtc/Source/third_party/libvpx/source/libvpx/vpx/src/vpx_codec.c' l='21' u='w' c='vpx_codec_control_'/>
<use f='webkit/Source/ThirdParty/libwebrtc/Source/third_party/libvpx/source/libvpx/vpx/src/vpx_decoder.c' l='18' u='w' c='vpx_codec_dec_init_ver'/>
<use f='webkit/Source/ThirdParty/libwebrtc/Source/third_party/libvpx/source/libvpx/vpx/src/vpx_decoder.c' l='18' u='w' c='vpx_codec_get_stream_info'/>
<use f='webkit/Source/ThirdParty/libwebrtc/Source/third_party/libvpx/source/libvpx/vpx/src/vpx_decoder.c' l='18' u='w' c='vpx_codec_decode'/>
<use f='webkit/Source/ThirdParty/libwebrtc/Source/third_party/libvpx/source/libvpx/vpx/src/vpx_decoder.c' l='18' u='w' c='vpx_codec_register_put_frame_cb'/>
<use f='webkit/Source/ThirdParty/libwebrtc/Source/third_party/libvpx/source/libvpx/vpx/src/vpx_decoder.c' l='18' u='w' c='vpx_codec_register_put_slice_cb'/>
<use f='webkit/Source/ThirdParty/libwebrtc/Source/third_party/libvpx/source/libvpx/vpx/src/vpx_decoder.c' l='18' u='w' c='vpx_codec_set_frame_buffer_functions'/>
<use f='webkit/Source/ThirdParty/libwebrtc/Source/third_party/libvpx/source/libvpx/vpx/src/vpx_encoder.c' l='23' u='w' c='vpx_codec_enc_init_ver'/>
<use f='webkit/Source/ThirdParty/libwebrtc/Source/third_party/libvpx/source/libvpx/vpx/src/vpx_encoder.c' l='23' u='w' c='vpx_codec_enc_init_multi_ver'/>
<use f='webkit/Source/ThirdParty/libwebrtc/Source/third_party/libvpx/source/libvpx/vpx/src/vpx_encoder.c' l='23' u='w' c='vpx_codec_enc_init_multi_ver'/>
<use f='webkit/Source/ThirdParty/libwebrtc/Source/third_party/libvpx/source/libvpx/vpx/src/vpx_encoder.c' l='23' u='w' c='vpx_codec_encode'/>
<use f='webkit/Source/ThirdParty/libwebrtc/Source/third_party/libvpx/source/libvpx/vpx/src/vpx_encoder.c' l='244' u='w' c='vpx_codec_get_cx_data'/>
<use f='webkit/Source/ThirdParty/libwebrtc/Source/third_party/libvpx/source/libvpx/vpx/src/vpx_encoder.c' l='246' u='w' c='vpx_codec_get_cx_data'/>
<use f='webkit/Source/ThirdParty/libwebrtc/Source/third_party/libvpx/source/libvpx/vpx/src/vpx_encoder.c' l='248' u='w' c='vpx_codec_get_cx_data'/>
<use f='webkit/Source/ThirdParty/libwebrtc/Source/third_party/libvpx/source/libvpx/vpx/src/vpx_encoder.c' l='309' u='w' c='vpx_codec_get_preview_frame'/>
<use f='webkit/Source/ThirdParty/libwebrtc/Source/third_party/libvpx/source/libvpx/vpx/src/vpx_encoder.c' l='311' u='w' c='vpx_codec_get_preview_frame'/>
<use f='webkit/Source/ThirdParty/libwebrtc/Source/third_party/libvpx/source/libvpx/vpx/src/vpx_encoder.c' l='313' u='w' c='vpx_codec_get_preview_frame'/>
<use f='webkit/Source/ThirdParty/libwebrtc/Source/third_party/libvpx/source/libvpx/vpx/src/vpx_encoder.c' l='326' u='w' c='vpx_codec_get_global_headers'/>
<use f='webkit/Source/ThirdParty/libwebrtc/Source/third_party/libvpx/source/libvpx/vpx/src/vpx_encoder.c' l='328' u='w' c='vpx_codec_get_global_headers'/>
<use f='webkit/Source/ThirdParty/libwebrtc/Source/third_party/libvpx/source/libvpx/vpx/src/vpx_encoder.c' l='330' u='w' c='vpx_codec_get_global_headers'/>
<use f='webkit/Source/ThirdParty/libwebrtc/Source/third_party/libvpx/source/libvpx/vpx/src/vpx_encoder.c' l='23' u='w' c='vpx_codec_enc_config_set'/>
<use f='webkit/Source/ThirdParty/libwebrtc/Source/webrtc/modules/video_coding/codecs/vp8/libvpx_vp8_encoder.cc' l='325' u='r' c='_ZN6webrtc16LibvpxVp8Encoder8SetRatesERKNS_12VideoEncoder21RateControlParametersE'/>
<use f='webkit/Source/ThirdParty/libwebrtc/Source/webrtc/modules/video_coding/codecs/vp9/libvpx_vp9_encoder.cc' l='423' u='r' c='_ZN6webrtc16LibvpxVp9Encoder8SetRatesERKNS_12VideoEncoder21RateControlParametersE'/>
<use f='webkit/Source/ThirdParty/libwebrtc/Source/webrtc/modules/video_coding/codecs/vp9/libvpx_vp9_encoder.cc' l='424' u='r' c='_ZN6webrtc16LibvpxVp9Encoder8SetRatesERKNS_12VideoEncoder21RateControlParametersE'/>
